<?xml version="1.0" encoding="utf-8"?><testsuites><testsuite name="pytest" errors="0" failures="0" skipped="0" tests="4" time="0.690" timestamp="2022-02-05T19:11:38.997936" hostname="15ARH05"><testcase classname="tests.test_01endpoints" name="test_get_alumnos" time="0.037" /><testcase classname="tests.test_02database" name="test_existe_admin" time="0.003" /><testcase classname="tests.test_02database" name="test_existe_tabla_alumnos" time="0.005" /><testcase classname="tests.test_02database" name="test_datos_correctos_alumnos" time="0.009" /></testsuite></testsuites>